<?xml version="1.0" encoding="UTF-8"?>
<!-- Generated by org.testng.reporters.JUnitXMLReporter -->
<testsuite hostname="DESKTOP-R91SD8B" ignored="0" name="Default test" tests="3" failures="0" timestamp="23 Aug 2020 07:57:57 GMT" time="14.25" errors="0">
  <testcase name="wordpresslogin" time="1.218" classname="SeleniumPractice.Dataprovider"/>
  <testcase name="wordpresslogin" time="1.212" classname="SeleniumPractice.Dataprovider"/>
  <testcase name="wordpresslogin" time="1.253" classname="SeleniumPractice.Dataprovider"/>
</testsuite> <!-- Default test -->
