<?xml version="1.0" encoding="UTF-8"?>
<testng-results skipped="0" failed="0" ignored="0" total="3" passed="3">
  <reporter-output>
  </reporter-output>
  <suite name="Default suite" duration-ms="14250" started-at="2020-08-23T07:57:42Z" finished-at="2020-08-23T07:57:57Z">
    <groups>
    </groups>
    <test name="Default test" duration-ms="14250" started-at="2020-08-23T07:57:42Z" finished-at="2020-08-23T07:57:57Z">
      <class name="SeleniumPractice.Dataprovider">
        <test-method status="PASS" signature="initialization()[pri:0, instance:SeleniumPractice.Dataprovider@3ffc5af1]" name="initialization" is-config="true" duration-ms="10526" started-at="2020-08-23T07:57:42Z" finished-at="2020-08-23T07:57:53Z">
          <reporter-output>
          </reporter-output>
        </test-method> <!-- initialization -->
        <test-method status="PASS" signature="wordpresslogin(java.lang.String, java.lang.String)[pri:0, instance:SeleniumPractice.Dataprovider@3ffc5af1]" name="wordpresslogin" duration-ms="1218" started-at="2020-08-23T07:57:53Z" data-provider="wordpressdata" finished-at="2020-08-23T07:57:54Z">
          <params>
            <param index="0">
              <value>
                <![CDATA[demo1]]>
              </value>
            </param>
            <param index="1">
              <value>
                <![CDATA[demo1]]>
              </value>
            </param>
          </params>
          <reporter-output>
          </reporter-output>
        </test-method> <!-- wordpresslogin -->
        <test-method status="PASS" signature="wordpresslogin(java.lang.String, java.lang.String)[pri:0, instance:SeleniumPractice.Dataprovider@3ffc5af1]" name="wordpresslogin" duration-ms="1212" started-at="2020-08-23T07:57:54Z" data-provider="wordpressdata" finished-at="2020-08-23T07:57:55Z">
          <params>
            <param index="0">
              <value>
                <![CDATA[demo2]]>
              </value>
            </param>
            <param index="1">
              <value>
                <![CDATA[demo2]]>
              </value>
            </param>
          </params>
          <reporter-output>
          </reporter-output>
        </test-method> <!-- wordpresslogin -->
        <test-method status="PASS" signature="wordpresslogin(java.lang.String, java.lang.String)[pri:0, instance:SeleniumPractice.Dataprovider@3ffc5af1]" name="wordpresslogin" duration-ms="1253" started-at="2020-08-23T07:57:55Z" data-provider="wordpressdata" finished-at="2020-08-23T07:57:57Z">
          <params>
            <param index="0">
              <value>
                <![CDATA[demo3]]>
              </value>
            </param>
            <param index="1">
              <value>
                <![CDATA[demo3]]>
              </value>
            </param>
          </params>
          <reporter-output>
          </reporter-output>
        </test-method> <!-- wordpresslogin -->
      </class> <!-- SeleniumPractice.Dataprovider -->
    </test> <!-- Default test -->
  </suite> <!-- Default suite -->
</testng-results>
